# JRE version: Java(TM) SE Runtime Environment (23.0+37) (build 23+37-2369)
# Java VM: Java HotSpot(TM) 64-Bit Server VM (23+37-2369, mixed mode, sharing, tiered, compressed oops, compressed class ptrs, g1 gc, bsd-aarch64)
Heap:
 garbage-first heap   total reserved 2097152K, committed 312320K, used 152973K [0x0000000780000000, 0x0000000800000000)
  region size 1024K, 138 young (141312K), 3 survivors (3072K)
 Metaspace       used 18477K, committed 18816K, reserved 1114112K
  class space    used 2462K, committed 2624K, reserved 1048576K
GC Heap History (12 events):
Event: 1.189 GC heap before
{Heap before GC invocations=0 (full 0):
 garbage-first heap   total reserved 2097152K, committed 133120K, used 24693K [0x0000000780000000, 0x0000000800000000)
  region size 1024K, 24 young (24576K), 0 survivors (0K)
 Metaspace       used 7307K, committed 7552K, reserved 1114112K
  class space    used 926K, committed 1024K, reserved 1048576K
}
Event: 1.191 GC heap after
{Heap after GC invocations=1 (full 0):
 garbage-first heap   total reserved 2097152K, committed 133120K, used 3952K [0x0000000780000000, 0x0000000800000000)
  region size 1024K, 3 young (3072K), 3 survivors (3072K)
 Metaspace       used 7307K, committed 7552K, reserved 1114112K
  class space    used 926K, committed 1024K, reserved 1048576K
}
Event: 2.301 GC heap before
{Heap before GC invocations=1 (full 0):
 garbage-first heap   total reserved 2097152K, committed 133120K, used 27504K [0x0000000780000000, 0x0000000800000000)
  region size 1024K, 27 young (27648K), 3 survivors (3072K)
 Metaspace       used 12189K, committed 12416K, reserved 1114112K
  class space    used 1742K, committed 1856K, reserved 1048576K
}
Event: 2.304 GC heap after
{Heap after GC invocations=2 (full 0):
 garbage-first heap   total reserved 2097152K, committed 133120K, used 7154K [0x0000000780000000, 0x0000000800000000)
  region size 1024K, 4 young (4096K), 4 survivors (4096K)
 Metaspace       used 12189K, committed 12416K, reserved 1114112K
  class space    used 1742K, committed 1856K, reserved 1048576K
}
Event: 7.486 GC heap before
{Heap before GC invocations=2 (full 0):
 garbage-first heap   total reserved 2097152K, committed 133120K, used 65522K [0x0000000780000000, 0x0000000800000000)
  region size 1024K, 60 young (61440K), 4 survivors (4096K)
 Metaspace       used 17262K, committed 17600K, reserved 1114112K
  class space    used 2419K, committed 2560K, reserved 1048576K
}
Event: 7.491 GC heap after
{Heap after GC invocations=3 (full 0):
 garbage-first heap   total reserved 2097152K, committed 133120K, used 13468K [0x0000000780000000, 0x0000000800000000)
  region size 1024K, 8 young (8192K), 8 survivors (8192K)
 Metaspace       used 17262K, committed 17600K, reserved 1114112K
  class space    used 2419K, committed 2560K, reserved 1048576K
}
Event: 7.505 GC heap before
{Heap before GC invocations=3 (full 0):
 garbage-first heap   total reserved 2097152K, committed 133120K, used 15516K [0x0000000780000000, 0x0000000800000000)
  region size 1024K, 12 young (12288K), 8 survivors (8192K)
 Metaspace       used 17291K, committed 17600K, reserved 1114112K
  class space    used 2419K, committed 2560K, reserved 1048576K
}
Event: 7.507 GC heap after
{Heap after GC invocations=4 (full 0):
 garbage-first heap   total reserved 2097152K, committed 133120K, used 14647K [0x0000000780000000, 0x0000000800000000)
  region size 1024K, 6 young (6144K), 6 survivors (6144K)
 Metaspace       used 17291K, committed 17600K, reserved 1114112K
  class space    used 2419K, committed 2560K, reserved 1048576K
}
Event: 14.211 GC heap before
{Heap before GC invocations=4 (full 0):
 garbage-first heap   total reserved 2097152K, committed 312320K, used 261431K [0x0000000780000000, 0x0000000800000000)
  region size 1024K, 68 young (69632K), 6 survivors (6144K)
 Metaspace       used 18215K, committed 18560K, reserved 1114112K
  class space    used 2451K, committed 2624K, reserved 1048576K
}
Event: 14.218 GC heap after
{Heap after GC invocations=5 (full 0):
 garbage-first heap   total reserved 2097152K, committed 312320K, used 15706K [0x0000000780000000, 0x0000000800000000)
  region size 1024K, 3 young (3072K), 3 survivors (3072K)
 Metaspace       used 18215K, committed 18560K, reserved 1114112K
  class space    used 2451K, committed 2624K, reserved 1048576K
}
Event: 23.810 GC heap before
{Heap before GC invocations=5 (full 0):
 garbage-first heap   total reserved 2097152K, committed 312320K, used 140634K [0x0000000780000000, 0x0000000800000000)
  region size 1024K, 125 young (128000K), 3 survivors (3072K)
 Metaspace       used 18375K, committed 18752K, reserved 1114112K
  class space    used 2452K, committed 2624K, reserved 1048576K
}
Event: 23.812 GC heap after
{Heap after GC invocations=6 (full 0):
 garbage-first heap   total reserved 2097152K, committed 312320K, used 15757K [0x0000000780000000, 0x0000000800000000)
  region size 1024K, 3 young (3072K), 3 survivors (3072K)
 Metaspace       used 18375K, committed 18752K, reserved 1114112K
  class space    used 2452K, committed 2624K, reserved 1048576K
}

